Using pre-set license
Built from '2020.3/release' branch; Version is '2020.3.2f1 (8fd9074bf66c) revision 9427207'; Using compiler version '192528614'; Build Type 'Release'
OS: 'Windows 10 Pro; OS build 19043.1288; Version 2009; 64bit' Language: 'pt' Physical Memory: 15289 MB
BatchMode: 1, IsHumanControllingUs: 0, StartBugReporterOnCrash: 0, Is64bit: 1, IsPro: 0

 COMMAND LINE ARGUMENTS:
F:\Unity\2020.3.2f1\Editor\Unity.exe
-adb2
-batchMode
-noUpm
-name
AssetImportWorker0
-projectPath
F:/Unity/MyGames/Sunny Land Forest - Mobile
-logFile
Logs/AssetImportWorker0.log
-srvPort
53028
Successfully changed project path to: F:/Unity/MyGames/Sunny Land Forest - Mobile
F:/Unity/MyGames/Sunny Land Forest - Mobile
Using Asset Import Pipeline V2.
Refreshing native plugins compatible for Editor in 65.63 ms, found 1 plugins.
Preloading 0 native plugins for Editor in 0.00 ms.
Initialize engine version: 2020.3.2f1 (8fd9074bf66c)
[Subsystems] Discovering subsystems at path F:/Unity/2020.3.2f1/Editor/Data/Resources/UnitySubsystems
[Subsystems] Discovering subsystems at path F:/Unity/MyGames/Sunny Land Forest - Mobile/Assets
GfxDevice: creating device client; threaded=0
Direct3D:
    Version:  Direct3D 11.0 [level 11.1]
    Renderer: AMD Radeon(TM) RX Vega 11 Graphics (ID=0x15dd)
    Vendor:   
    VRAM:     7644 MB
    Driver:   30.0.13025.5005
Initialize mono
Mono path[0] = 'F:/Unity/2020.3.2f1/Editor/Data/Managed'
Mono path[1] = 'F:/Unity/2020.3.2f1/Editor/Data/MonoBleedingEdge/lib/mono/unityjit'
Mono config path = 'F:/Unity/2020.3.2f1/Editor/Data/MonoBleedingEdge/etc'
Using monoOptions --debugger-agent=transport=dt_socket,embedding=1,server=y,suspend=n,address=127.0.0.1:56392
Begin MonoManager ReloadAssembly
Registering precompiled unity dll's ...
Register platform support module: F:/Unity/2020.3.2f1/Editor/Data/PlaybackEngines/WebGLSupport/UnityEditor.WebGL.Extensions.dll
Register platform support module: F:/Unity/2020.3.2f1/Editor/Data/PlaybackEngines/WindowsStandaloneSupport/UnityEditor.WindowsStandalone.Extensions.dll
Registered in 0.005036 seconds.
Native extension for WindowsStandalone target not found
Native extension for WebGL target not found
Refreshing native plugins compatible for Editor in 64.05 ms, found 1 plugins.
Preloading 0 native plugins for Editor in 0.00 ms.
Invoked RoslynAnalysisRunner static constructor.
RoslynAnalysisRunner will not be running.
RoslynAnalysisRunner has terminated.
Mono: successfully reloaded assembly
- Completed reload, in  4.020 seconds
Platform modules already initialized, skipping
Registering precompiled user dll's ...
Registered in 0.003067 seconds.
Begin MonoManager ReloadAssembly
Native extension for WindowsStandalone target not found
Native extension for WebGL target not found
Refreshing native plugins compatible for Editor in 52.72 ms, found 1 plugins.
Preloading 0 native plugins for Editor in 0.00 ms.
Invoked RoslynAnalysisRunner static constructor.
RoslynAnalysisRunner will not be running.
RoslynAnalysisRunner has terminated.
Mono: successfully reloaded assembly
- Completed reload, in  1.335 seconds
Platform modules already initialized, skipping
========================================================================
Worker process is ready to serve import requests
Launched and connected shader compiler UnityShaderCompiler.exe after 0.09 seconds
Refreshing native plugins compatible for Editor in 0.71 ms, found 1 plugins.
Preloading 0 native plugins for Editor in 0.00 ms.
Unloading 1828 Unused Serialized files (Serialized files now loaded: 0)
System memory in use before: 86.0 MB.
System memory in use after: 85.9 MB.

Unloading 24 unused Assets to reduce memory usage. Loaded Objects now: 2274.
Total: 2.513300 ms (FindLiveObjects: 0.308500 ms CreateObjectMapping: 0.084200 ms MarkObjects: 1.971800 ms  DeleteObjects: 0.147000 ms)

========================================================================
Received Import Request.
  path: Assets/Projeto/Sprites/Environment/Cemiterio/sliced-objects/stone-1.png
  artifactKey: Guid(a49935f49dc384b83ae4e1e7ac7802f2) Importer(815301076,1909f56bfc062723c751e8b465ee728b)
Start importing Assets/Projeto/Sprites/Environment/Cemiterio/sliced-objects/stone-1.png using Guid(a49935f49dc384b83ae4e1e7ac7802f2) Importer(815301076,1909f56bfc062723c751e8b465ee728b)  -> (artifact id: 'd7c6f29e9c3e74bb67ab03444de5f574') in 0.145926 seconds
  Import took 0.151947 seconds .

========================================================================
Received Import Request.
  Time since last request: 26.393151 seconds.
  path: Assets/Projeto/Sprites/Environment/Cemiterio/sliced-objects/tree-1.png
  artifactKey: Guid(eca112b76f20b46868ad86e0bd613dae) Importer(815301076,1909f56bfc062723c751e8b465ee728b)
Start importing Assets/Projeto/Sprites/Environment/Cemiterio/sliced-objects/tree-1.png using Guid(eca112b76f20b46868ad86e0bd613dae) Importer(815301076,1909f56bfc062723c751e8b465ee728b)  -> (artifact id: '2ee0c7068b8b2d6b74ca76fff2136ef9') in 0.019255 seconds
  Import took 0.025357 seconds .

========================================================================
Received Import Request.
  Time since last request: 34.404210 seconds.
  path: Assets/Projeto/Sprites/Environment/Cemiterio/sliced-objects/tree-3.png
  artifactKey: Guid(77adc8bfe31a0412fb512e6d9c444330) Importer(815301076,1909f56bfc062723c751e8b465ee728b)
Start importing Assets/Projeto/Sprites/Environment/Cemiterio/sliced-objects/tree-3.png using Guid(77adc8bfe31a0412fb512e6d9c444330) Importer(815301076,1909f56bfc062723c751e8b465ee728b)  -> (artifact id: 'c626b2af5006ab0fb6b33aacd34ca81d') in 0.023580 seconds
  Import took 0.028833 seconds .

========================================================================
Received Import Request.
  Time since last request: 35.429225 seconds.
  path: Assets/Projeto/Sprites/Environment/Cemiterio/sliced-objects/bush-large.png
  artifactKey: Guid(169c738601686406e9dc499aecfe1539) Importer(815301076,1909f56bfc062723c751e8b465ee728b)
Start importing Assets/Projeto/Sprites/Environment/Cemiterio/sliced-objects/bush-large.png using Guid(169c738601686406e9dc499aecfe1539) Importer(815301076,1909f56bfc062723c751e8b465ee728b)  -> (artifact id: 'bcec9b46612c43a129b0640163f002e3') in 0.024404 seconds
  Import took 0.029681 seconds .

========================================================================
Received Import Request.
  Time since last request: 69.445487 seconds.
  path: Assets/Projeto/Sprites/Misc/Decorations/Barrel.png
  artifactKey: Guid(1919e9b575a3d804bb87cd317bee1c16) Importer(815301076,1909f56bfc062723c751e8b465ee728b)
Start importing Assets/Projeto/Sprites/Misc/Decorations/Barrel.png using Guid(1919e9b575a3d804bb87cd317bee1c16) Importer(815301076,1909f56bfc062723c751e8b465ee728b)  -> (artifact id: '4dd64c1a338526ea19a126362a59fcea') in 0.022575 seconds
  Import took 0.027351 seconds .

========================================================================
Received Import Request.
  Time since last request: 0.669560 seconds.
  path: Assets/Projeto/Sprites/Misc/Decorations/Trees.png
  artifactKey: Guid(ea1fc06836e0d4f42bcd615a0cb73817) Importer(815301076,1909f56bfc062723c751e8b465ee728b)
Start importing Assets/Projeto/Sprites/Misc/Decorations/Trees.png using Guid(ea1fc06836e0d4f42bcd615a0cb73817) Importer(815301076,1909f56bfc062723c751e8b465ee728b)  -> (artifact id: 'e899b3cdaa1919c85c6f7ed47ea994a3') in 0.024292 seconds
  Import took 0.029213 seconds .

========================================================================
Received Import Request.
  Time since last request: 0.369263 seconds.
  path: Assets/Projeto/Sprites/Misc/Decorations/RocksAndSign.png
  artifactKey: Guid(6f43e558625abc64e90d1861e491e41a) Importer(815301076,1909f56bfc062723c751e8b465ee728b)
Start importing Assets/Projeto/Sprites/Misc/Decorations/RocksAndSign.png using Guid(6f43e558625abc64e90d1861e491e41a) Importer(815301076,1909f56bfc062723c751e8b465ee728b)  -> (artifact id: '15255481209f9e5bf3eac38cc29df55a') in 0.019761 seconds
  Import took 0.024957 seconds .

========================================================================
Received Import Request.
  Time since last request: 0.003485 seconds.
  path: Assets/Projeto/Sprites/Misc/Decorations/RocksAndSign.png
  artifactKey: Guid(6f43e558625abc64e90d1861e491e41a) Importer(815301076,1909f56bfc062723c751e8b465ee728b)
Start importing Assets/Projeto/Sprites/Misc/Decorations/RocksAndSign.png using Guid(6f43e558625abc64e90d1861e491e41a) Importer(815301076,1909f56bfc062723c751e8b465ee728b)  -> (artifact id: '15255481209f9e5bf3eac38cc29df55a') in 0.010052 seconds
  Import took 0.016293 seconds .

========================================================================
Received Import Request.
  Time since last request: 0.560722 seconds.
  path: Assets/Projeto/Sprites/Misc/Decorations/BigProps_Banner64x64.png
  artifactKey: Guid(0d875b4e4df95dd4897ff6a417082975) Importer(815301076,1909f56bfc062723c751e8b465ee728b)
Start importing Assets/Projeto/Sprites/Misc/Decorations/BigProps_Banner64x64.png using Guid(0d875b4e4df95dd4897ff6a417082975) Importer(815301076,1909f56bfc062723c751e8b465ee728b)  -> (artifact id: '3e0f81549a417ffe234cccfd5c8fdee5') in 0.020266 seconds
  Import took 0.025422 seconds .

========================================================================
Received Import Request.
  Time since last request: 11.521729 seconds.
  path: Assets/Projeto/Sprites/Environment/dark
  artifactKey: Guid(cbb26a280d7a24d4e82a89892662d93c) Importer(815301076,1909f56bfc062723c751e8b465ee728b)
Start importing Assets/Projeto/Sprites/Environment/dark using Guid(cbb26a280d7a24d4e82a89892662d93c) Importer(815301076,1909f56bfc062723c751e8b465ee728b)  -> (artifact id: 'da2fb8e82baa0d833fb93b2bac9c3485') in 0.011109 seconds
  Import took 0.015837 seconds .

========================================================================
Received Prepare
Registering precompiled user dll's ...
Registered in 0.001120 seconds.
Begin MonoManager ReloadAssembly
Native extension for WindowsStandalone target not found
Native extension for WebGL target not found
Refreshing native plugins compatible for Editor in 0.76 ms, found 1 plugins.
Preloading 0 native plugins for Editor in 0.00 ms.
Invoked RoslynAnalysisRunner static constructor.
RoslynAnalysisRunner will not be running.
RoslynAnalysisRunner has terminated.
Mono: successfully reloaded assembly
- Completed reload, in  1.297 seconds
Platform modules already initialized, skipping
Switching build target platform(5) subTarget(0) extendedPlatform(0) -> platform(13) subTarget(537395332) extendedPlatform(0)
Refreshing native plugins compatible for Editor in 1.53 ms, found 1 plugins.
Preloading 0 native plugins for Editor in 0.00 ms.
Unloading 1826 Unused Serialized files (Serialized files now loaded: 0)
System memory in use before: 88.9 MB.
System memory in use after: 88.9 MB.

Unloading 12 unused Assets to reduce memory usage. Loaded Objects now: 2298.
Total: 3.655600 ms (FindLiveObjects: 0.276400 ms CreateObjectMapping: 0.067200 ms MarkObjects: 3.117800 ms  DeleteObjects: 0.190300 ms)

AssetImportParameters requested are different than current active one (requested -> active):
  custom:graphics/normal-map-encoding: 01000000000000000000000000000000 -> 02000000000000000000000000000000
========================================================================
Received Prepare
Refreshing native plugins compatible for Editor in 2.43 ms, found 1 plugins.
Preloading 0 native plugins for Editor in 0.00 ms.
Unloading 10 Unused Serialized files (Serialized files now loaded: 0)
System memory in use before: 53.2 MB.
System memory in use after: 53.2 MB.

Unloading 10 unused Assets to reduce memory usage. Loaded Objects now: 2298.
Total: 3.262300 ms (FindLiveObjects: 0.565600 ms CreateObjectMapping: 0.136900 ms MarkObjects: 2.421500 ms  DeleteObjects: 0.136300 ms)

AssetImportWorkerClient::OnTransportError - code=2 error=End of file
